<?xml version="1.0" encoding="UTF-8"?>
<testsuite name="com.ghostpin.app.MockStateTest" tests="3" skipped="0" failures="0" errors="0" timestamp="2026-08-30T11:11:30" hostname="madhava" time="0.003">
  <properties/>
  <testcase name="testSimulationConfig" classname="com.ghostpin.app.MockStateTest" time="0.001"/>
  <testcase name="testMockStateTransitions" classname="com.ghostpin.app.MockStateTest" time="0.001"/>
  <testcase name="testSavedLocationModel" classname="com.ghostpin.app.MockStateTest" time="0.001"/>
  <system-out><![CDATA[]]></system-out>
  <system-err><![CDATA[]]></system-err>
</testsuite>
